1000 1
1.1259153616673292
0.5925057235547275
1.4060347771932464
1.6531894430435579
-0.9145752207876197
-2.6016566044127964
0.6348934557125604
0.6368288420085023
-0.8579376660884226
1.0671483954521088
-0.4598982475529436
-0.18305034127064784
-0.03308752615270327
1.0786989734463759
0.7993246880843938
0.6795886238600589
-1.786144020478136
0.19985082119089795
-0.13194344222649312
-0.8431638489980494
1.7747058784909202
-0.5656418293779985
-0.419510832670252
2.2554593858535905
0.0939495071804514
-1.702705561294374
0.4570154836553657
0.6116318891749344
-2.5119125668938227
-0.5532469311787123
-1.7146201319688883
0.1343013874946961
0.4000506972545915
-0.2051660736763984
0.4808531232721191
0.6406131578107173
-0.24270037883611595
0.4752416913893762
-1.0165514559193578
-0.22169179328092625
-1.208998101637958
-1.427333528932406
1.229926394816413
1.0291926996503462
0.28742996276196764
0.344169071293399
0.06803839703482219
-0.1851090278264023
0.5521837569155733
1.2433750494695426
-1.4336010127379684
-1.449738436185448
-0.9110054055030999
-0.6208543921788608
-0.7335992959182858
0.13925205829242832
-0.0738639775282826
1.721927251447952
-0.08049194681900376
0.2639184369075331
0.4398636192999287
0.6646503339450882
0.015516285486227471
-1.3460440510881266
-1.8092898808158506
-1.563524730684685
1.2238381809213208
-0.37932487342576143
-0.2542595840103726
1.789647366778063
-1.0458558743161583
-0.9672587033207872
-0.10875726057716668
0.2448079174843179
0.5196110423648828
-1.7369230756083274
0.1991143534994367
-0.15930119651975602
0.46702795423565907
0.38021067005244874
-0.2845672546483019
0.2312400080260134
-0.38510032515930787
1.132291492667067
1.407461440140321
-1.6846031425852466
-0.1356350287680583
-0.6430772831749513
-2.198341597460743
0.8821686392560453
-1.8446529532339817
-0.566748820117767
-0.8722403082613123
-0.41990350324262254
-0.4747051286645386
-0.6737812577034558
-0.9245694297929626
0.5867745000167456
2.0006762444766975
1.8015104943751965
1.8956033513872363
0.9427168391666066
-0.45121625329279924
-0.46237170959394114
-0.8625564774307232
0.0769723541905628
-0.46063037141457797
-1.2433123480500752
0.5686324782137354
0.82262137235658
-1.9819985121399737
0.2384222527272766
1.133315066945942
1.0215706785928726
0.12700411578237963
-0.1950784712163611
0.15092916309329932
0.07155172703134834
-0.5080230099303067
-0.18361023874410942
-1.2461875816172612
1.664116232094304
-1.0791719550934937
-0.11589018220924294
1.7035580352713542
-1.5641184145926597
0.29935997579358836
0.35182427580673636
1.1332040497280385
-0.7907534897407065
-0.11715015972550173
-0.9798915717867996
-0.6026902637576614
-0.12956871496476563
-0.18878331553893413
-0.9830158122170117
0.1324882514273529
-0.19236269006794712
0.7000601958670603
1.6130141486527574
0.6126780547950345
0.7078650159446217
0.3326297648936409
-0.4210072497975392
-0.6195560177377216
0.5727866194838078
-0.32939930457015437
1.6200518417018468
0.09336980634580634
-0.30582304821070416
1.591647959243471
0.23219163403562693
-1.380476871576987
0.5726140782947948
-0.14936978642789855
-2.8297944720235746
0.8218984555892853
1.6541960618806302
2.582486014808737
-0.5473968462744698
0.3507587009229077
1.0734948597758973
-0.773820999632631
0.41022827685500474
-0.5833007712551667
0.245465005078351
0.6208819710615671
-1.6763131551194013
0.4841949451317678
1.5632097820161943
-0.5411063555834107
1.0181407799177897
0.012126491102739655
1.091388815073292
0.28645444712675816
0.007474375563126127
2.3631040400076095
-0.7232662798925998
-0.12355037886643876
1.4335993787519066
-1.9005816449778372
1.4345418625390798
-1.8498099017921705
-0.6945333626510451
0.5675284640050252
1.2091843732438736
1.805419005527266
0.4353265846157841
-0.03610927905698168
-1.2768119010673835
-2.0389473717202935
1.1020890544834543
0.10009064226880873
0.1642123015411084
-0.7126336806884201
1.487871230026573
-1.1355011525596346
1.1107002797808305
-1.4210466330616767
-1.1815400174210096
1.1355642488289444
1.22928189704134
-0.3946793541178174
-0.017743478261628056
0.4934434248373006
-1.036415244994841
-1.281387784561184
0.7418065865498646
-0.03479622827772408
-1.2028658946221185
-0.19489568233634
0.8548892494366706
-1.384377166683982
-0.6858466970710668
-0.041288294316369184
-1.37360084721882
-2.440341887203944
0.14332404713930944
0.5080728393455748
-0.7701836063211003
0.8908322875469842
0.21492947905614257
0.7740135405040695
0.3919024748695191
-0.5443610227438884
-0.24191846668791325
0.6952135605817897
0.9438885440959057
-1.6290993628720372
0.09874185848274511
-0.1643539119517091
-0.5404702582560151
-0.8734064996058734
0.4302155039072883
-0.0995983763661606
0.33756625521351064
-0.8842480728645198
0.557208154913469
0.6031853095772595
0.3280156177039027
-1.8324180900586127
-1.1267429675372571
1.9312412920429411
-1.045282595176654
0.6711416714451668
0.6989247992919343
0.3762504941026933
-0.570918137326121
0.41313548175491016
-1.33573939821407
-0.8311209511136526
0.21996431839985003
-1.1705961482760072
-0.5777573772411039
-0.8148043058217422
0.11680660531128777
-1.1031361239083162
1.7224799892440024
2.004450415756603
-0.35259709664874106
-0.6956505508993959
-0.5879368852919138
0.10599654846545714
0.9037986156005965
0.7097235091634879
-1.0789785458084478
0.4354196004006182
1.1667465853006105
-0.3872523585244166
-0.5043434215159107
1.0352562608375209
-0.18959353044251645
0.928400195170751
1.4519072152364074
1.0765535311844805
-0.6156352673103535
0.7765563406711123
0.21730634781894534
0.754015173457564
0.6090895758380828
0.21140172643094005
-0.27421382563033064
0.1716622910324238
0.11599353988552778
1.6989745864086911
0.3273673991252377
0.7733196317463297
0.8335615424698798
-1.0550361566601436
0.8361388391607137
-0.4786511506426312
0.7749710606462019
0.1970246989155542
-2.115063993718171
-0.3124006279471289
1.166489824997608
0.3454140589502458
0.8221816071784938
-0.4558825642134616
0.4458081693626532
1.3712763248683482
0.008580892520146379
-0.016969396783326422
-0.22847628203028916
0.5656663251415307
-0.7572437544600322
-0.5495094040888331
-1.379616781977477
0.9419556679729778
-2.0806555879422404
2.835235517714015
-1.3791689616088825
0.29852506838150245
0.5525652311840511
-0.3364249275694296
-0.3620888757748553
1.6717512185251142
0.03095443156913239
0.9139398674833314
-1.4828866281458768
0.8521381014227052
0.30205817954424746
0.4752197220011202
0.9147364230706905
-0.31225956155032597
1.3619118449102685
-0.7028575258084035
0.5434371577507848
0.4724725205132337
-0.2803527393616107
1.3171154703505181
2.023044155225815
1.1930969632860662
0.11557099192581576
0.040398616317322514
1.0764282228042663
-1.5767065946875407
-0.8523212820367236
0.3150485573985698
0.3267431265514337
1.756261709034165
-0.39067329027604003
0.0872533250437884
-1.6222611989738236
1.6595441552313526
-0.12932381889284916
1.1324131604621945
0.9906674424220637
-0.03269984652021499
0.3451555696893019
0.812199708819931
0.7808868939603854
1.2107979210339879
-0.313641812560603
1.2760528802268396
1.5690503004782608
-1.414926719212389
0.09270066880425741
2.1090127732594417
0.3277692139189615
-0.71333853362628
2.1604400045459666
1.6214533885073665
0.40250712496189217
0.555716924756998
0.6149810806987014
0.25400255157716484
0.230833779151408
-1.2479130799254734
0.0970968904931564
1.7828661941889747
0.5101986594031886
1.0053875519774416
0.5194650652277178
-0.6193122847415929
-0.4718137905583282
-0.07773387053969967
1.1971353181847104
-0.054231678164579314
-1.2646634382284467
-1.5812812311856677
0.6513840921865964
-1.0075926429699316
-0.5471402178613373
-2.210484122456962
-1.4315148333331342
-0.9995471080809191
-0.7230383300016201
-0.24565081781690956
0.8192466445476662
-0.6767984855514366
-0.5964562466225081
0.22614972203523032
0.7501161286564066
-0.26675780016576855
-1.885111474213656
0.5508262149494412
1.2041597365128198
-1.2323324078469542
-0.7445443446652031
-0.28687632195962004
-1.9650184870583451
-0.34970379105457405
0.17632824975842856
-0.9151752243662009
-0.2988630082695152
1.0304676154340355
0.9434890328801062
0.9678327369871222
-0.2916246159704989
0.3833979870667315
1.7410775387207134
-1.3181776827288063
0.7608850637471569
0.1516168546195802
-0.4675850925893821
-0.09080505804747512
-0.10615755904074582
-0.012824041922604614
1.047144798962708
-1.1351580753806172
0.06162898853843976
-0.006304325680744076
-0.5060115107585145
0.7208519916482273
-0.8999229185378985
0.31502868654275773
0.14737547674153156
-0.5994143573149554
-0.38236088012225505
-1.685454223847684
-0.28109012684370316
-1.329908857394787
-0.22517119597357488
0.12653998632614838
0.7987708549536383
-0.3355574563530914
0.5718110394024312
-0.7621641110577289
1.116098482652775
-0.21135333833536954
0.6172106661622062
1.491397976937816
-0.27278026637759034
0.3866072546795532
1.1676239676446494
-0.8189277582566294
-0.3827514519438709
1.3282543268908888
-1.1075605717402675
0.6574381402543129
-1.7696909722687035
1.4907913250982119
-0.2630531353411765
-0.046036616971424
-1.159293489158033
0.17433499201982294
0.8076499918699702
0.4277512371023924
0.28576327550948677
-0.6494032025429891
-0.16454084238944505
-0.8746442822794596
1.1497536085258677
-0.1057987314213082
0.2125107391946779
-0.029365160689976938
-0.9675551733930784
1.506482925503228
-0.48075374957547157
-0.35196258590667273
-1.0262801692563432
-0.36872186977096255
-0.21123834892271903
-0.11718493925382437
-1.498421667686723
-1.1887690913590832
1.5021716880046971
0.8082314163075786
-0.6767568293287013
-0.7574451730395032
0.7207285558287267
0.8825929142573586
-2.395098216718021
-1.4401263930601034
0.7935572869708961
-0.22796274732953045
0.8169880057591218
-1.3077708824603758
-0.9911802939100042
-0.1579437465647016
-1.0880065480946204
1.0568317042514885
1.1577060984501568
-0.22916134912799882
-0.8622801440157538
-0.9526689174949632
-0.7667025933026871
-0.11212902513718695
0.9269185642384357
0.9917747426036473
0.5013815257611846
-0.9353289151338693
-0.8524483512496124
-0.5713555117343673
1.0579830448505998
-0.6657021700483404
-0.46653808136950986
0.036542915176262444
-0.8314893254081221
-0.819710944772648
0.20964847326703687
-0.9328011314583948
0.519984171889272
-1.0876454282020285
-1.0873933206439474
1.0504448042726584
0.3228076964274714
1.7381708663527389
-0.18568115861570234
3.341303751458927
0.1601867364502038
-0.967220208896249
-1.0780536164717198
0.8107481126774292
0.863146582248652
2.0205296841670206
-0.7317661802229937
-1.7565290860815044
1.3278374861686437
0.6524855320654698
0.29881980383625395
-1.295757414620079
0.14647307160268763
0.8663008191855931
0.17478384938106295
1.2900745901983706
-1.480510508797374
-0.4862207481896496
0.7929838057786137
0.2661757618974026
0.18558793010808391
0.42851705735153256
-0.9211400378077429
1.1230047585506024
-0.014811123668389752
-0.3245238573114954
0.039114062157157056
-1.2768214105495417
0.23195925173303492
0.6011890978834352
0.4454278622494563
0.05913900059919926
-2.062909807679562
0.5193203638637865
-0.2940397226620001
-0.6174314191820375
-2.2645899542094643
0.7351976478773066
0.6620913240422689
0.7748123652126814
1.5990177124732181
-1.1846330520075572
0.10561162438154102
0.15933756239936564
2.1273356100094523
0.6879158234649614
0.8443739943141831
0.2823641078015033
-0.5623546010416193
-1.6498724965283504
-0.8059931841692173
-0.7791397175151575
-1.2433891618286246
-2.071459286460246
-0.21143437693320696
1.6848641495163317
0.7830535949131945
-0.9282299849305075
-0.3931030727772211
0.860240590394772
-1.5958942072013784
1.5324441878069957
-0.9344499138574639
0.8664803340204795
0.4868015317579579
-1.3253057389412386
-1.7087123192722238
0.6416853486672238
1.4248137628930173
1.082255014768578
0.5492477442580559
1.7871581644894412
-2.0920359639868535
1.5994121847189462
0.4192052423050433
1.115044694995135
-0.4349824451466537
-0.1340521014614183
-1.2847735397356361
1.4491991957136496
1.369027747538625
-0.20255418371957348
-0.19722386845662424
0.1214489399688861
-1.1269055556969199
1.5963477861791893
-1.6553521412745804
-0.6576595662601539
-1.3008098032920994
-1.5444377485064513
0.3065591162207888
-0.6449403535988215
-0.09181945207678921
1.1855370407373222
-0.6205184816620876
-0.27207420219494693
1.4043909081060053
0.6283803690438058
0.7431622813246492
0.5449882080408491
-0.7877662227661221
-0.13208894524509585
0.16506812523383269
0.8244650548063958
2.2313948797741006
0.2233969124933183
-1.2335579122094233
-0.67805270953672
0.010400433584103946
1.2760903352541704
0.19437004764067084
-0.25951303377514406
-1.6196190439151315
0.6491117019629606
-0.31884013874886175
-0.9881970294398861
-1.4218784084750051
0.3302980067148842
-0.7762916304749683
-0.45210726899371656
0.482612986554656
1.5144391951757454
-1.0409196648214258
-0.9998633356164053
-0.9657212830016532
-0.4211612282088033
0.9487105400945491
0.40169000499254315
0.8385013861314532
-1.7389620603577403
-0.0739631429176956
0.6512801428873756
-0.8052599362852868
0.9431974643748201
2.003479170758675
-0.23774879967440454
0.2897661285066714
-0.8497594374701019
-1.37410795504961
-0.34417233212465437
-0.1634048813863171
-1.2007671190133828
-1.9632210300054143
0.060579489769323966
-3.5863259701264005
0.4425267252842985
1.0033818161672712
-0.5551270502122992
-0.7445411180108265
1.3168506656729053
0.6337256251611979
-0.9660240350767331
0.27206810126778896
-1.6654581602667298
-1.20769505159512
0.23591349882898366
0.7688149253858405
-0.463573219809873
0.24407979099205365
1.3822690421955022
-0.4525974117789656
-0.25640235335220485
-0.594166409746564
0.16910469024024283
0.9124937274888963
0.5712308385837062
-0.9537280944744577
-0.3000805978444614
1.5623671148846834
1.0238178761188366
-0.876739257998131
1.3754473071762172
-1.151560856301102
0.6261215096788947
0.19693421342509795
-0.8309067973499307
-0.024704539895845604
-0.6366102427016481
0.37196835449000526
-0.35140485691300094
1.1217429424483296
-0.8559661988654331
-0.5071730017325357
-0.8379222611717738
-0.11784147251858625
0.47373058587853645
-0.2506749691107856
0.3104121568472572
-0.08752773403580313
0.22000867243562022
0.6184206513378774
0.38303562546989933
0.8932056844684606
0.5592638417564758
0.011163030345375649
-2.1325835710878223
-0.6513553722768151
-1.2423911293534955
-2.3332345420995155
0.8611929779588725
0.8391184289537224
0.6189519185713291
-0.8682188298885288
-1.195459360739228
0.40751193943026276
0.86693992757483
0.10351055333751451
-0.5381458311144466
0.5107476841498166
1.3956346943671578
0.4989925534111888
-1.8248440539312922
1.7195596109758593
-2.105253676237522
-0.5794041658419337
-0.4067755347122349
1.0949491329931549
0.7644791220112099
0.5194360710093852
-0.6191747136896047
0.4244080660896771
-1.38981511699893
-1.3759291684637454
0.9953347494873953
0.9525471683837035
-2.4806002462619077
-0.7864153126624028
0.980372826257559
-0.3293654328704068
-1.188966447294735
0.36483721283339565
-0.3235472780259856
0.9536740594751993
1.2931098479246208
0.15836030335271598
-0.3767305725399
-0.1187246873038926
0.23170317280697184
-0.9583665425718612
-0.07740397703950883
-1.2002914746318767
-0.10435301692206549
-0.748714818991518
1.4212257545390685
0.21123128298019725
0.2391644134687036
0.05477970360811536
0.11997774683269986
-0.4173389360670915
0.17069583561647544
0.9671670562515867
1.620700618329446
1.3143238725144022
-1.884837875660299
1.143108148751548
1.1401215048160585
-0.017874029175863344
1.7071159572347416
0.932798920906018
-0.9894834325608088
-0.8189430442040151
0.10061514495458558
-1.701645803944004
2.815926941310703
-0.9312256495812292
-0.9065955839458896
0.7214911259131146
1.260904367586963
-0.47957983643029245
-0.32081496178072555
-0.001190419438815617
-0.1320459800093983
-1.0589283754741268
0.9213529151221771
-0.9626047970534822
0.45820838541286846
-0.57763066579731
-1.1168238995657256
0.6797145346639119
0.8937430421832648
2.329463526429575
-0.661442583128765
-0.42409379097051236
-1.1449542909532802
-0.7727617020159009
-1.167540840229266
0.6184275403594723
0.38706808507315354
-0.5768270461761914
-0.13448195095301094
0.1446341053670368
-0.08567391091621733
0.9484896493136465
0.1054210722176156
1.0624728310903566
0.3213830286450173
1.3437154867097805
1.521252377525073
0.6164341922751885
0.8984516341897342
0.13278714339327116
0.9491728867932314
-0.06122918276328232
1.2576366235377814
-0.9413728052755309
-0.5696920748617292
-0.08873272049738927
-0.41857168857483834
0.979009825682613
0.10292595488342778
0.9313239447168401
-0.2504806101987592
0.1097761639303839
-1.0985680142104202
-0.22394130516105354
-0.9173260262161811
-0.2007869083728024
-0.2543913036268534
-0.33454257002711474
0.8179861803952215
2.0268674498075545
-1.535593477318405
-0.17449760488873856
-0.2589743892841425
0.44293478861223545
-0.9921296548119896
-0.33395474306130896
0.3700592420117142
0.18995582715998516
0.9943373367774742
0.6743703857804663
-0.8390131180316927
-1.9053707694031154
-2.1423009603112157e-5
-1.6929458575781502
-0.7817890878558116
0.47401355078533336
-1.098147155561511
0.8450645839903754
-0.3204354836423828
-0.16613323045590997
0.6453105853208791
0.20587692684318437
1.964793677736029
-0.8751980083278433
-0.9127038878167971
-2.4979243122900643
0.5812075675866333
-1.0995890042613472
1.2811393963704336
-0.33944649786591097
0.8989445723350085
0.11167226061662557
0.623550766078478
-1.0902025319128468
0.0114070069168121
0.4637411037524205
-0.9893026224964915
0.5534422206482366
-1.7095822232180622
0.43935147961177917
-0.0547732151763838
0.3437018660533686
0.6620356037623376
0.6669033615848201
-0.7868919765367478
-0.07278623943029962
-1.0830398170309847
0.9565338338733685
1.7761061703515657
0.1928142084801264
0.06862894578350684
0.3224312074921651
-0.04645562978728568
-0.1544611377744577
0.43113231644494554
0.7217442189702082
0.6380909835816342
-1.4799028640688057
-1.6159687971058276
-0.59377331707938
-0.3128561800537374
0.012215426704024538
-1.0550801299855637
0.7010015670477673
1.9861933789741084
-0.7201791735618337
-0.8071983857302113
-0.5333642463472148
1.3789605124166109
-1.3218131816917646
0.4811324751819327
-0.29826124722923114
-0.4062323397989848
2.0642506453499125
-0.7777321985157909
0.28840786075951796
-0.04494801809834535
0.47071459084228257
-0.18704470874745716
0.1459255676503664
-1.224523537469742
-0.3341652086373585
0.301707024107916
-1.8665344513003832
-0.1494747874616925
0.06752069487527813
1.3351425889090585
-2.5770959087915686
-0.3437868142662993
-0.673350886702408
-0.7557666304144466
-0.09791923370018464
-0.5531307249417036
-0.33776998925447793
1.1997948316942708
0.371520198097712
-0.4710972739512153
-0.850294804436421
-1.6005975807688677
-0.20716922950967726
-0.3360799110135293
0.2911183060610462
-0.8620959823160174
-1.3580812139241754
1.205918684012319
1.0404450813474573
-1.0125691945061814
0.3891709703537196
-0.11592088813096642
0.697288259270946
0.7606780877855946
-0.049372303117682675
-0.45808923062745377
-0.8398549618420788
0.151302097974587
-0.11719964159096546
0.7252462243112834
-0.46234627094316805
0.30924743967658747
-1.7865687922815539
-0.052311215602869804
0.2555890055774231
-0.8075599011074205
-0.9840377695285855
-1.430304843850393
1.0430680649996498
1.2144764122997451
-1.5745387547478076
-0.4225642203026428
-0.8474535936943758
-0.8811218159200673
-2.7879417825734363
0.39392481887947234
2.584294208219591
-0.8944805035828944
-0.3888543977173231
2.0954358666561776
0.9692554256917243
-0.0639275684251174
1.1229120943322324
-0.7197885233803007
0.9347544771464303
0.7378673891211536
-1.2755020987876535
-0.010475490661210948
0.5001389263380385
0.11823723428043709
-2.023169118475179
-1.088540024919467
1.8391073862988492
0.5984330421884655
0.6650896613408384
-0.4950031681341484
0.866764114611431
2.001140685263033
1.8877084883314637
1.085187733060696
1.1064267932447194
