1000 1
0.5156221420035344
-1.7623311739594405
0.6192749016237674
0.06913555367867255
0.9697994365967257
-0.15141773372975026
-1.0403114827662985
-0.3205787643352646
-0.2424792610896698
1.0943884294510766
-1.5972766301456085
0.9040726798988995
-0.032546578940782264
0.6468166303258737
-0.707124822907631
0.3656530472082815
1.0294210701977635
-0.1603538025680881
2.300650375577906
-1.1731016120465896
0.05091499884071386
0.3771648591864895
-1.5385483535499453
0.5882775331437432
-0.6399286491579067
-0.28623484631952434
-0.22387114683993856
0.06771772921110163
-0.09850023678237817
-0.23054593868090487
-1.1010844731939498
0.2198015833085885
-0.8403320686692395
-1.314677587438726
-2.6265830767517073
0.3919702590384575
-0.2880151408488762
0.29385665509230907
-0.24218600042245864
-1.3342002457065611
0.5039470467849753
1.6322511622902574
-0.7788553718595048
-1.2461124131356198
1.6810961758062721
-0.9943598454678584
-1.554780380451519
0.7771925757562674
-2.4524563360709
1.122254004145865
-0.25135699607116996
0.37916763774683454
-0.12759654465447412
0.9817112690815499
-1.2841595588793144
0.06223773191839689
0.26917342268956684
-1.4756093524466314
0.7050352658936012
1.724458185521215
1.561963624196876
-1.2631946217472898
2.1281185312359545
-1.5524412926083417
-1.326970965359454
-0.8283583317423447
0.6435635711046559
-1.2759925378205497
1.3550047360548236
1.8128394364003169
0.3997426764905406
-0.7870854104345983
0.6526163817058227
1.1121969204246864
-0.2192171265185535
0.9488277989504939
0.35718755561150994
-2.3502842326597806
-0.018272579365933177
-1.0739744899236614
-0.806988753299767
1.1686639502743685
-0.5721675247840458
-0.7713345308288401
-1.1537563086554774
-0.45875404000290776
1.6648027983138372
-0.4589372544589662
0.23513818350206847
-1.0270105268453251
-2.651601009574617
0.4114570645358589
0.9370016616363676
-1.5526783493948388
-0.5905199239640502
-0.7890015681114422
1.232408956517959
-0.7710096418396537
0.8555225473494147
-1.4065068886758525
-1.2970944006107166
-0.5297322317423351
-0.6809344400547465
0.28573774680138153
1.7133146126739507
0.006416894841578345
0.6246251160864267
-0.2877281633017035
-0.8059905388481674
1.023842860727819
-0.75441868436883
-0.784991064639547
-1.0771681456131261
-0.5617250511152955
-1.3461459317032365
-0.36332591512766
-0.026744610188668874
1.256936222447125
-0.24355544731088255
-2.117347410070822
-2.6494347852067492
-2.2156585245185387
1.1933324467208484
-1.1283407753406907
0.05739241576446627
-1.276708133211353
1.920224158372133
-0.254130421953692
0.07426720671441024
-0.03043671500186411
-0.5376232837843755
0.8521424993541563
-0.634512018987792
1.3551338854273494
0.6558861299007837
-0.2560091129480393
1.3712223718065075
0.15282132284979616
-0.12515962759797822
0.7975603473638859
0.06900175604497882
2.3451893334610006
-0.7324304715596983
0.5248134654702279
-1.3702423954411813
0.9713181359625116
-0.22295886640768586
-1.0648827948979187
1.864188687975376
-0.5544688272300934
0.17973363585148083
0.6116229361904798
1.5568414576717446
1.099413763851594
0.2568934128345383
-0.4147094329251675
-1.3306586079846694
2.0122088363782162
-1.4540125481693211
1.0163824854736203
0.4788037513860014
1.2340852448430435
-1.5346612279408314
1.888292286509017
1.4499336915136725
-1.0097470600135334
0.5221775039396654
-0.7810018351673688
-0.6448800626342309
-1.1646158632711654
-1.3947851268442886
-0.5920147067764421
0.6178711661603996
0.6266177195044823
-0.21501073186656092
0.5411637553607435
-0.738200568347029
-1.488851291325122
-1.1410183830494307
0.06584405757461059
-0.8403873545885236
1.4297269768908902
-0.6674427629655968
0.5158187381710926
0.12199768118925311
-0.364322270574006
2.315124907473384
-0.7818301090982253
-0.4456581660046146
0.7832695472236121
0.2647276196206819
1.4948584551949484
-0.6586728587837272
1.4761354368909585
0.37415269953320746
0.8265603875006677
-1.8598600420259077
1.3421522887453565
0.146010004799153
1.7939528836399528
0.7213349663713474
1.356504960092645
-0.30887927590875025
0.3807127066391067
-1.9536984023809667
0.6774684400051284
-0.6545479736550133
-0.13720880866010288
0.42071858699750386
0.9535670031001642
0.9439438231771013
0.3602206828353739
-0.00942669368018317
1.0765308499839954
-1.7691390835131777
2.1667915881975874
1.4368451210044042
-0.6165918318482998
0.3892496504621028
-1.7981012131148109
2.074653309080441
0.4958730034842058
0.3952504090609923
-1.100439267171151
-1.314438440844507
-1.1933603317246015
-0.9514417462507972
0.5802825906791572
0.48661282218996693
0.5056915795026726
-1.3622556454610102
1.174865979469408
1.3546184615068042
1.3961777508735922
-0.5278663033261581
0.29202988053656154
0.12395728965583935
-0.811581773110639
-0.13681513626089506
0.7888939807544934
-1.2254009891936724
0.9578425564908973
0.39836593000648685
-0.6447794490527996
-0.23799970364890446
0.2127483257377201
0.6686417563542527
-1.0941364928998902
0.2266012907706417
-1.0728167873437215
0.5987029349292927
0.5174697544299548
-1.8578160919045006
0.3707769011751243
-0.3293133451744635
1.191757353937273
0.2916911850015024
0.8673573337941216
-0.5591470880291964
1.2154130396283027
0.900154142440103
-0.7229190467248059
1.5220330626201812
2.606584527530969
-0.680317534154871
-2.387927961952005
-0.7241655466082527
0.07419650544266594
0.7349864853455563
-0.13834031512598277
2.163094646127601
0.913535832707004
1.9451983632287801
-0.7268845490877903
0.3231719698689565
0.14928184972513764
-1.5326347211995646
-1.4149585329892698
0.7509413219305033
-1.2690044961415268
-0.2773817825872102
-0.04901497874273722
0.3779435254859402
0.9667452840571281
0.38607957569299534
0.3588176189631368
1.7594312068410494
0.7649332752220792
0.08090525981900319
-0.40155755105511487
1.128159028497283
0.07844940215481491
0.19062595635982943
-0.3595487242520996
-1.7527943617128074
0.052767336747647456
0.44240207497575634
0.4057378757390801
-0.2522185836925166
0.9911912012307191
-1.4185342696798584
-0.23927607980583646
0.8805012791064991
-0.8818811458670548
0.8458466828605785
-0.978095811078487
-0.2939818108731019
1.9563703351255548
0.4586611609897064
-0.3956590202750808
-1.6041941674136968
-0.2267537366104915
-0.31839793215251916
1.2687876264585838
0.1781787464160086
1.8237306408632217
-0.6003912079148468
-0.0360586573447867
0.15063904588401458
0.46860851807249376
0.19234145923321866
1.7580653660981496
0.8172053982422407
-0.03479935836099969
0.5572512115560615
-2.798781396099585
-0.6192890781385137
1.633944707126948
-0.2510184205881557
-1.5659800850726175
-0.7142330905410912
1.2613681361123594
0.16073336661988902
-1.5143385464837584
-0.519104064354218
-0.2691812267213468
-0.6062491102042964
0.06660108236690013
0.2674099920009251
0.6421374441026342
0.7017383338790435
0.20622189760986684
-1.348340599464343
-1.1011761559615392
0.3597619632194545
0.3065795331593593
-1.3312261263081313
-1.211841548645592
0.40991190812793793
-1.5403266415825803
1.153363533347643
0.2379107298263898
-0.9614727630437724
2.637349347240432
0.4690134395103343
-0.5170282232056704
0.522092382532046
-0.2865400749822036
-0.9413254937295172
-1.7560365736849666
-0.126742782680241
0.41124019726036243
1.558244327630177
-0.1413251565515601
0.5943434911158219
0.46596635715363005
-1.4154182372058082
0.17966134761364727
2.066746817142019
0.17161859085562084
-1.4389894171625461
-0.6415283333855066
-1.2255589212238125
0.21586397844493901
0.13221692698697485
0.018228944046615212
0.17025135155232912
0.6899609932776162
-0.3024496160676869
0.1553995962692012
-0.6181334674599551
-0.41461460463690286
-0.3073031758135341
-1.3403306562866013
0.40349093630739086
-1.3926239513163068
0.7838756644044325
-1.311643963063611
-1.5941129345686584
-1.7177399433173532
1.2321079967118371
-1.0249704528266665
-0.13485925486403402
-0.21067642937913614
-0.504284614794944
-0.8750390216567007
0.14994250528049793
0.3680108842036515
-1.5672535113841872
-1.6406362895962652
-0.15637309920052925
1.6689955377418069
-0.027187006208897007
1.0351104324985605
-0.2332303801375623
1.6747066368578531
0.4213629247636281
0.8075541896742755
-0.40615844474048207
-0.2273473398245697
-0.2551535832687763
-1.0449265073477663
0.46537088805734855
-0.9422397947895435
-0.598789345271263
0.4792421452148541
-0.09091659860083996
0.16459055230863992
2.5505610883988075
0.9269789057751008
0.6250177129914172
-1.5380250829525035
-1.4450178048578775
-1.4595016859709729
0.4911287511630831
2.123230266917144
-0.8560603905563912
0.28151533743819007
-0.45706779340631914
-0.30237381990997264
-0.11245842516250801
-1.067933765471657
-1.0894406950868152
1.1839660961642455
-0.5539891697299092
-1.992265839396538
0.3376310316807462
1.208989028106462
0.4747619682627138
0.6070304431413275
-0.8179269510473633
-0.9753306084949717
-0.3291497649881501
-1.5963819903668088
-0.11116502872214065
-0.7753147219547127
-1.048116857220789
-0.1650546507246923
-0.8685087383526896
-1.1284741846701274
-0.7029863613720446
-1.9655267815633826
0.6961261213104407
0.288774924595966
-0.6854490673453605
1.1145864797852996
0.5736979538494151
-0.8382584138557765
-1.1478160674890565
0.03516798647251872
-1.0976404495769962
-2.226603869331728
-0.9672800355060892
-0.937209392619818
-0.9580469272465038
0.13365547862280855
2.585175286019353
-1.2782825832362086
1.156046054062976
0.5674465293701967
-2.3349870991563826
-0.5237611170067484
1.0580223723117876
-0.8751252693093842
-0.7201014213649011
0.12830077283150548
-1.359195221787043
-1.0483551933769866
-0.7268473291760649
0.2763674635556103
-0.3370498775063729
-0.917635864803072
-0.7513034152995858
-1.2316238732684397
-1.96684181390499
-0.8343760630797179
-0.4061842245488529
-2.169870330136515
0.5893060206436056
-0.04472995621297192
-0.5227790941724271
0.173980227148829
0.9854497576349746
-0.8191989773567113
1.5708267371051692
1.0291862708953479
-0.32997616151501663
-1.6280656845165218
-2.129770359397199
-1.7943481520625506
0.7279155333987812
0.6041780239960416
-0.49079910337964844
-0.5634589779010659
-0.6232769555139117
1.1166318318319817
-2.710784078608436
-0.6780299125761137
-0.09174032263370652
3.091800463293681
-0.559062452342927
0.7120788023636746
0.9156972554645578
0.3243069357484008
1.3221294856880936
1.3352913731095268
0.890245921896812
-0.06981494711143124
0.21052630678750275
1.4458852281222099
-0.3131025778785204
-1.3580838130716988
-0.18282420701740848
1.2823868476899516
-1.3766292021175823
0.11052817004395912
-1.7946445020460786
-0.3341243070311623
-0.5062305116767503
-1.676699713099881
-0.20421241331478582
0.20492602492049142
-0.6151568439778979
-0.6253956292298887
0.6155111363096001
-1.7481876163790795
1.2524065516640623
-0.2132742982971961
-0.016044424121058318
0.48696657855259784
-1.5341575606134668
-0.803891418098449
-0.14019921102554286
-0.11945062526572844
0.22741086866122975
-0.10129730888399728
-0.13377364945594655
0.06790352897641255
1.0048194713447012
1.652027190154163
0.6860734687959728
-0.5954207412952925
0.0003362817681199781
-1.0202745348797264
-0.430448579593548
1.0099247339043833
-1.0705153981479696
-0.8678237090094676
0.6732202112628167
0.11803687150461373
-1.2139009255893598
-0.525815250455087
1.6506384286011606
-0.46982965517316394
0.33266052396215884
-2.100910439629079
-1.785452658021966
-0.2624470558165184
-2.0887916237047928
0.4056793419434663
-0.6274005294760426
-1.4637559581326527
0.12923071310199336
0.053017874584230545
1.1494643925630952
0.3994528286447571
-0.5586343021950396
0.3829659512608829
0.13232937655044652
1.6017066285986952
-0.35120167796013596
0.8339531248401773
-0.3070950996193998
-0.3994288800486627
-1.6204123276447064
0.43659389776046453
1.310872163664071
-0.30559126637398526
-0.42534973239232765
-2.2883151488725084
0.7151683162274881
-0.8753658747248017
0.5511466535567294
0.7801810002278808
1.8114430345031378
-0.3538037949371474
-0.6016236388975864
0.68879687064875
-0.31649344606002205
-0.49103205250080273
-0.06190236435617663
1.149883751587544
0.5666969616200208
-0.459399473526783
-0.3153302804177181
1.2710745473954088
0.25616837098765444
0.7486869382999656
0.6731185668496434
-0.10055898413116249
-0.40874388400967887
-1.2134269893305354
0.07024289340391346
0.7674419034676487
-0.6207276355624137
0.07251037680589724
0.6581706242349757
-0.7148529740977039
-0.43725280245384057
-0.8438971162829032
-0.7380281929490908
-0.45911348875548375
1.1396137155429336
-0.07174331062388384
1.0359292961380246
-0.5912494733790401
-0.7377598599335305
0.10743928358902488
0.08091517246242348
0.7186726873247277
-0.757884756294345
2.46741847022054
-0.9230697918041273
-1.711336350612777
-0.2880111548701979
-0.7423143946289793
0.46063429953946655
0.5627380309026189
0.4722702687367488
0.22405342998859776
0.5589023323692887
0.2736513306445994
0.7919326219120691
0.031042641966012346
0.6517667265644601
0.6641972968327112
1.7058639317985769
-1.3512572522909299
-0.761148772636973
1.545429009085632
-0.9995728677266581
-0.1185764445261731
-0.661650208964791
1.0864483798758395
-0.9150906720455855
0.8926265669793508
1.1843092075060149
-0.6608695130627449
0.6661155848850561
0.44222982507037956
-0.08824471905484887
-0.706116819572855
-1.0935036827079543
1.4221452469864753
0.5613488734426059
-0.19648862633099337
1.450054168944995
0.05556327801184381
1.6502479136005435
-2.2222177913235477
0.5752034304104704
2.971489908052322
-1.4263320559673323
0.41220599350240533
1.6776990664958862
-2.4163215958576982
-0.32528496288482245
-0.32084734274884824
0.9268329048637395
0.8593753664625461
-1.6551599049355354
-1.1717166459925623
-0.4644375800101943
-0.5816359138815768
0.9072125762868202
0.05960936094321022
-1.297128206908584
0.14727317310860413
-1.61529864258165
1.3339830207033903
-1.1945890886114696
0.14632483344917488
0.12532105094832835
0.3221569309714444
-1.508660034429796
-1.351997767851509
1.1250542463192845
1.6987019154192837
0.7656520002640829
-2.399298109030244
1.0978400695044874
0.7238623710837084
-0.9372679414534192
0.30596954021523226
1.4929127919543843
-0.829276089844328
-2.3346089704674977
-0.525720613656006
1.286249375725445
-0.5768166732126885
0.6755296291666173
0.6446810770812389
-1.8260387672559546
-0.5356158389231392
-2.889256856736981
0.16235632399017474
3.4359939233387395
0.7783054614807967
-0.19897358956155073
-0.05521742063630472
-0.293207753583453
0.247116959999137
-0.028122898131463705
-1.230335211540844
-1.7551754074291754
1.0344426565446543
1.1492014326968647
-0.3450356745158839
-1.3390941822234586
0.11598388126042622
1.7503641041955156
-0.5804978525583802
-0.67422430375536
-0.8814856538637016
1.9954207145214817
0.406294207672794
1.5704316586173006
-0.8071985287055858
-0.9058456664841223
-0.14368251621877498
-1.5281402086771236
-1.4198429545439963
0.2907785175886445
0.87481122356238
0.4656549702153747
0.16190362118804805
0.8748009818855722
-2.1466281856243326
0.46059748955664376
1.0457425618119998
0.12192873335320698
-0.07745042143630577
0.4429358526970988
0.051646272016607375
0.5710414086270347
0.2735807561001274
-0.8317388641358633
0.8034646073078565
-1.167135400753614
0.628868104221244
-0.7546437160890401
-2.0781210747245074
0.6218184332893287
1.369665228097535
0.38614901327975
-0.7943954213273141
0.5192378332776306
-0.5005518315756755
0.23461738349674074
-1.514601580841552
0.2652769197303396
0.7675611074536745
0.8149715615327424
0.6504847506579176
-1.2474182459670693
-0.28807003819108934
-1.6794066134785555
-0.33825074702183455
0.17857773655472728
-0.8000561694984346
1.74794303379539
-1.0447403362920193
0.35631716077801945
2.0713264612798636
1.3660433221768087
0.3681983531453899
1.9750431574145826
-0.10504362554325988
-0.4640897413277346
1.1732083208715125
0.176732936203175
-0.21083061609122972
-0.007553086032839832
-0.23849489068882693
3.042076538993249
0.8133776500181672
1.6153627779905346
-0.7116189354031127
-0.9686845009014748
0.5615244430577356
-0.7336398645260582
-0.4514990435878247
0.4060208556016821
-1.0067765827350892
-0.5342481666274105
-0.46026680856102536
-1.2400782479972356
-1.3109916540465083
0.7718201310000348
-0.7398981952327266
0.2631106522819811
1.7318987812520334
1.9531368997989793
0.9433880865430703
-1.1702728487655267
-0.5231979159124819
1.3877177630669797
0.4560976004590587
0.6371968599151634
-0.00861940678973892
-1.1949645997893275
1.8111961169301356
0.9863323007986262
-0.2359054995541941
-1.1259547494089592
0.8670258535676427
-1.6289494865444714
2.0050644431634255
-0.5384800929370197
1.4795502152270354
0.8082384879800547
-0.518473198733318
1.0487181019844056
0.9300753647707205
1.6578319871932943
0.1014631240047153
1.3398421441946244
0.17478346693659752
0.1971668948428831
-0.3840677301228862
0.8743368413655761
-0.9737240033083748
0.6504840084087858
1.0704392838149086
0.21834105755740557
0.5955173161180256
0.3866320766254145
-0.29961749003689303
-0.1746966142240206
-0.16732125155029562
-0.5104206419018793
0.569441743467236
0.37525653889785154
0.029042038252107955
1.0178687316954775
-0.784318237443998
-0.3364567019587995
0.30178743759439797
3.179484700851606
0.4823982509469227
0.7022392619632378
1.155844274798053
-1.0447270043029457
1.9262089942888407
0.7158473523139024
1.733116485122005
-1.0485438859623981
1.108671886338412
-0.587594522742645
-0.33962702872032036
-0.015468792651049565
-1.8379926457496285
0.6015255584587399
-0.0593831428576586
-0.19955942039580576
-0.580723950918739
-0.031216121220095698
0.07538455036144362
0.8488345237710876
-0.2822082492449918
1.5687343333061845
-1.7368209726591683
0.4905830677794518
0.10267054212283724
0.9367586339766037
-0.5559601212537646
0.7157975270086989
1.2554094173612493
-0.0005460826364103687
0.6499171397843521
-0.8163422966220535
1.267512921849206
0.41229419533302036
2.6340617292081463
-2.28511055408364
-1.1752784197489987
1.8637746923532192
0.26707784519483174
1.3378271647561364
-0.6460122339483166
-0.369131062798801
0.28582334599487397
-1.0335906259073926
0.15441235505879303
0.16719731063684143
-0.3939199721410751
-0.01515149296268686
-0.2742188408625409
-0.6922237695781208
0.04717143597948219
0.5733715543921344
0.3513493689427288
-0.01227181954659517
-2.60592779511847
0.1771889130580915
1.8852662571681404
-0.9020839692787117
-1.9609298153735988
0.7892768384798785
-1.3991580442999896
-0.349762351974034
0.38988611490857367
0.3814083857163825
-0.08743992258516234
-0.17221590247021304
0.985040739275802
0.8058753258507181
1.1529032317949215
-1.4467876276244869
0.009528332903130685
-0.5224449607042574
1.182134913443416
-1.1311814993860998
0.2507377197786023
-0.6324492017292629
0.33875090297427196
0.8479676060653034
-1.0785005022057088
0.592990936233758
2.668166708916453
-0.5423824374581753
-0.009514453934882816
1.3149247558611274
0.7744241082356145
0.89555710425679
-1.4298076271834508
-0.3461765704193754
0.6794896471825461
-0.3654615504427456
0.03575413621721514
1.5303509377232072
-0.1244324468865283
0.5261821745250622
1.0215793866654441
0.30760623912777396
1.1638094577101854
-0.901466984556578
-0.688664247545218
2.3117639635317007
-1.2393544811424857
0.22524678723675753
-0.07513399525499127
0.5217505658101381
1.1897983391508815
-0.23145892330828757
-0.06486798546712666
0.5954481300466429
-0.07967378493785256
-1.366980454304164
-0.6697961611419427
0.4122548410821424
0.03956405721471386
1.055693951109575
0.1069092665750887
0.2556296739566139
-0.6803178917616823
1.3474272495887172
-0.45454449528007207
-0.8013411644901244
2.500699249070757
-1.1474207580283269
0.7462102352246315
0.2700375631006854
0.939991438465598
0.12778751043050113
-0.6129510350545913
1.5498553897562457
-0.1984069867058799
-1.8164592695866664
1.039402638534405
0.6384349305104631
0.9440281952208028
0.049056885169889694
0.19340185702948084
1.2484954431084996
1.005688932594646
1.7307975454242095
0.8578231887917762
0.2434957862730119
-0.9954766952339702
